<?xml version="1.0" encoding="UTF-8"?>
<!-- Generated by org.testng.reporters.JUnitReportReporter -->
<testsuite hostname="LTIN523134" failures="0" tests="4" name="testCases.TS_Login" time="70.127" errors="0" timestamp="2025-07-18T17:36:24 IST" skipped="0">
  <testcase classname="testCases.TS_Login" name="Test_Login_With_valid_Google_Account" time="25.198"/>
  <testcase classname="testCases.TS_Login" name="Test_Login_With_Invalid_Google_Account" time="9.491"/>
  <testcase classname="testCases.TS_Login" name="Test_Login_With_Invalid_Google_Account" time="10.632"/>
  <testcase classname="testCases.TS_Login" name="Test_Login_With_valid_Google_Account" time="24.806"/>
</testsuite> <!-- testCases.TS_Login -->
