<?xml version="1.0" encoding="UTF-8"?>
<!-- Generated by org.testng.reporters.JUnitReportReporter -->
<testsuite hostname="LTIN523134" failures="0" tests="2" name="testCases.TS_UsedCar" time="141.061" errors="0" timestamp="2025-07-17T17:48:14 IST" skipped="0">
  <testcase classname="testCases.TS_UsedCar" name="Test_PopularCarModels" time="61.930"/>
  <testcase classname="testCases.TS_UsedCar" name="Test_PopularCarModels" time="79.131"/>
</testsuite> <!-- testCases.TS_UsedCar -->
