<?xml version="1.0" encoding="UTF-8"?>
<!-- Generated by org.testng.reporters.JUnitReportReporter -->
<testsuite hostname="LTIN523134" failures="0" tests="2" name="testCases.TS_UpcomingHondaBike" time="11.523" errors="0" timestamp="2025-07-17T17:48:14 IST" skipped="0">
  <testcase classname="testCases.TS_UpcomingHondaBike" name="get_Honda_Upcoming_Bikes_Under_4lac" time="5.992"/>
  <testcase classname="testCases.TS_UpcomingHondaBike" name="get_Honda_Upcoming_Bikes_Under_4lac" time="5.531"/>
</testsuite> <!-- testCases.TS_UpcomingHondaBike -->
