<?xml version="1.0" encoding="UTF-8"?>
<!-- Generated by org.testng.reporters.JUnitReportReporter -->
<testsuite hostname="LTIN469376" failures="0" tests="1" name="testCases.TS_UsedCar" time="8.734" errors="0" timestamp="2025-07-08T11:13:50 IST" skipped="0">
  <testcase classname="testCases.TS_UsedCar" name="Test_PopularCarModels" time="8.734"/>
</testsuite> <!-- testCases.TS_UsedCar -->
