<?xml version="1.0" encoding="UTF-8"?>
<!-- Generated by org.testng.reporters.JUnitReportReporter -->
<testsuite hostname="LTIN469376" failures="0" tests="2" name="testCases.TS_UsedCar" time="84.674" errors="0" timestamp="2025-07-19T23:28:01 IST" skipped="0">
  <testcase classname="testCases.TS_UsedCar" name="Test_PopularCarModels" time="20.914"/>
  <testcase classname="testCases.TS_UsedCar" name="Test_PopularCarModels" time="63.760"/>
</testsuite> <!-- testCases.TS_UsedCar -->
