<?xml version="1.0" encoding="UTF-8"?>
<!-- Generated by org.testng.reporters.JUnitReportReporter -->
<testsuite hostname="LTIN523134" failures="0" tests="2" name="testCases.TS_UsedCar" time="109.715" errors="0" timestamp="2025-07-18T17:36:24 IST" skipped="0">
  <testcase classname="testCases.TS_UsedCar" name="Test_PopularCarModels" time="89.149"/>
  <testcase classname="testCases.TS_UsedCar" name="Test_PopularCarModels" time="20.566"/>
</testsuite> <!-- testCases.TS_UsedCar -->
