<?xml version="1.0" encoding="UTF-8"?>
<!-- Generated by org.testng.reporters.JUnitReportReporter -->
<testsuite hostname="LTIN484405" failures="0" tests="4" name="testCases.TS_Login" time="40.687" errors="0" timestamp="2025-07-15T12:47:01 IST" skipped="0">
  <testcase classname="testCases.TS_Login" name="Test_Login_With_Invalid_Google_Account" time="4.726"/>
  <testcase classname="testCases.TS_Login" name="Test_Login_With_Invalid_Google_Account" time="4.561"/>
  <testcase classname="testCases.TS_Login" name="Test_Login_With_valid_Google_Account" time="16.003"/>
  <testcase classname="testCases.TS_Login" name="Test_Login_With_valid_Google_Account" time="15.397"/>
</testsuite> <!-- testCases.TS_Login -->
