<?xml version="1.0" encoding="UTF-8"?>
<!-- Generated by org.testng.reporters.JUnitReportReporter -->
<testsuite hostname="LTIN469376" failures="0" tests="1" name="testCases.TS_UsedCar" time="4.591" errors="0" timestamp="2025-07-07T17:32:31 IST" skipped="0">
  <testcase classname="testCases.TS_UsedCar" name="Test_PopularCarModels" time="4.591"/>
</testsuite> <!-- testCases.TS_UsedCar -->
