<?xml version="1.0" encoding="UTF-8"?>
<!-- Generated by org.testng.reporters.JUnitReportReporter -->
<testsuite hostname="LTIN469376" failures="0" tests="2" name="testCases.TS_SearchFunctionality" time="9.970" errors="0" timestamp="2025-07-18T16:38:55 IST" skipped="0">
  <testcase classname="testCases.TS_SearchFunctionality" name="TestSearchforCar" time="7.236"/>
  <testcase classname="testCases.TS_SearchFunctionality" name="TestSearchforBike" time="2.734"/>
</testsuite> <!-- testCases.TS_SearchFunctionality -->
