<?xml version="1.0" encoding="UTF-8"?>
<!-- Generated by org.testng.reporters.JUnitReportReporter -->
<testsuite hostname="LTIN469376" failures="0" tests="1" name="testCases.TS_Login" time="27.960" errors="0" timestamp="2025-07-08T13:01:02 IST" skipped="0">
  <testcase classname="testCases.TS_Login" name="Test_Login_With_valid_Google_Account" time="27.960"/>
</testsuite> <!-- testCases.TS_Login -->
