<?xml version="1.0" encoding="UTF-8"?>
<!-- Generated by org.testng.reporters.JUnitReportReporter -->
<testsuite hostname="LTIN523134" failures="0" tests="2" name="testCases.TS_UsedCar" time="75.708" errors="0" timestamp="2025-07-17T16:10:11 IST" skipped="0">
  <testcase classname="testCases.TS_UsedCar" name="Test_PopularCarModels" time="16.007"/>
  <testcase classname="testCases.TS_UsedCar" name="Test_PopularCarModels" time="59.701"/>
</testsuite> <!-- testCases.TS_UsedCar -->
