<?xml version="1.0" encoding="UTF-8"?>
<!-- Generated by org.testng.reporters.JUnitReportReporter -->
<testsuite hostname="LTIN523134" failures="0" tests="2" name="testCases.TS_UpcomingHondaBike" time="9.234" errors="0" timestamp="2025-07-17T16:10:11 IST" skipped="0">
  <testcase classname="testCases.TS_UpcomingHondaBike" name="get_Honda_Upcoming_Bikes_Under_4lac" time="5.307"/>
  <testcase classname="testCases.TS_UpcomingHondaBike" name="get_Honda_Upcoming_Bikes_Under_4lac" time="3.927"/>
</testsuite> <!-- testCases.TS_UpcomingHondaBike -->
