<?xml version="1.0" encoding="UTF-8"?>
<!-- Generated by org.testng.reporters.JUnitReportReporter -->
<testsuite hostname="LTIN469376" failures="0" tests="1" name="testCases.TS_UpcomingHondaBike" time="1.592" errors="0" timestamp="2025-07-11T11:13:02 IST" skipped="0">
  <testcase classname="testCases.TS_UpcomingHondaBike" name="get_Honda_Upcoming_Bikes_Under_4lac" time="1.592"/>
</testsuite> <!-- testCases.TS_UpcomingHondaBike -->
