<?xml version="1.0" encoding="UTF-8"?>
<!-- Generated by org.testng.reporters.JUnitReportReporter -->
<testsuite hostname="LTIN484405" failures="0" tests="2" name="testCases.TS_Login" time="34.125" errors="0" timestamp="2025-07-17T15:17:05 IST" skipped="0">
  <testcase classname="testCases.TS_Login" name="Test_Login_With_Invalid_Google_Account" time="6.391"/>
  <testcase classname="testCases.TS_Login" name="Test_Login_With_valid_Google_Account" time="27.734"/>
</testsuite> <!-- testCases.TS_Login -->
