<?xml version="1.0" encoding="UTF-8"?>
<!-- Generated by org.testng.reporters.JUnitReportReporter -->
<testsuite hostname="LTIN484405" failures="0" tests="2" name="testCases.TS_UsedCar" time="18.444" errors="0" timestamp="2025-07-15T12:47:01 IST" skipped="0">
  <testcase classname="testCases.TS_UsedCar" name="Test_PopularCarModels" time="9.252"/>
  <testcase classname="testCases.TS_UsedCar" name="Test_PopularCarModels" time="9.192"/>
</testsuite> <!-- testCases.TS_UsedCar -->
