<?xml version="1.0" encoding="UTF-8"?>
<!-- Generated by org.testng.reporters.JUnitReportReporter -->
<testsuite hostname="LTIN523134" failures="0" tests="4" name="testCases.TS_Login" time="71.643" errors="0" timestamp="2025-07-17T17:48:14 IST" skipped="0">
  <testcase classname="testCases.TS_Login" name="Test_Login_With_valid_Google_Account" time="25.406"/>
  <testcase classname="testCases.TS_Login" name="Test_Login_With_Invalid_Google_Account" time="9.495"/>
  <testcase classname="testCases.TS_Login" name="Test_Login_With_valid_Google_Account" time="24.206"/>
  <testcase classname="testCases.TS_Login" name="Test_Login_With_Invalid_Google_Account" time="12.536"/>
</testsuite> <!-- testCases.TS_Login -->
