<?xml version="1.0" encoding="UTF-8"?>
<!-- Generated by org.testng.reporters.JUnitReportReporter -->
<testsuite hostname="LTIN523134" failures="0" tests="4" name="testCases.TS_Login" time="101.835" errors="0" timestamp="2025-07-17T16:10:11 IST" skipped="0">
  <testcase classname="testCases.TS_Login" name="Test_Login_With_valid_Google_Account" time="42.168"/>
  <testcase classname="testCases.TS_Login" name="Test_Login_With_Invalid_Google_Account" time="7.899"/>
  <testcase classname="testCases.TS_Login" name="Test_Login_With_valid_Google_Account" time="42.601"/>
  <testcase classname="testCases.TS_Login" name="Test_Login_With_Invalid_Google_Account" time="9.167"/>
</testsuite> <!-- testCases.TS_Login -->
