<?xml version="1.0" encoding="UTF-8"?>
<!-- Generated by org.testng.reporters.JUnitReportReporter -->
<testsuite hostname="LTIN484405" failures="0" tests="2" name="testCases.TS_Login" time="24.665" errors="0" timestamp="2025-07-11T16:24:23 IST" skipped="0">
  <testcase classname="testCases.TS_Login" name="Test_Login_With_Invalid_Google_Account" time="2.968"/>
  <testcase classname="testCases.TS_Login" name="Test_Login_With_valid_Google_Account" time="21.697"/>
</testsuite> <!-- testCases.TS_Login -->
