<?xml version="1.0" encoding="UTF-8"?>
<!-- Generated by org.testng.reporters.JUnitReportReporter -->
<testsuite hostname="LTIN469376" failures="0" tests="2" name="testCases.TS_Login" time="25.091" errors="0" timestamp="2025-07-09T17:25:31 IST" skipped="0">
  <testcase classname="testCases.TS_Login" name="Test_Login_With_Invalid_Google_Account" time="3.324"/>
  <testcase classname="testCases.TS_Login" name="Test_Login_With_valid_Google_Account" time="21.767"/>
</testsuite> <!-- testCases.TS_Login -->
