<?xml version="1.0" encoding="UTF-8"?>
<!-- Generated by org.testng.reporters.JUnitReportReporter -->
<testsuite hostname="LTIN523134" failures="0" tests="2" name="testCases.TS_UpcomingHondaBike" time="16.034" errors="0" timestamp="2025-07-18T17:36:24 IST" skipped="0">
  <testcase classname="testCases.TS_UpcomingHondaBike" name="get_Honda_Upcoming_Bikes_Under_4lac" time="7.468"/>
  <testcase classname="testCases.TS_UpcomingHondaBike" name="get_Honda_Upcoming_Bikes_Under_4lac" time="8.566"/>
</testsuite> <!-- testCases.TS_UpcomingHondaBike -->
