<?xml version="1.0" encoding="UTF-8"?>
<!-- Generated by org.testng.reporters.JUnitReportReporter -->
<testsuite hostname="LTIN469376" failures="0" tests="2" name="testCases.TS_UpcomingHondaBike" time="15.609" errors="0" timestamp="2025-07-19T23:28:01 IST" skipped="0">
  <testcase classname="testCases.TS_UpcomingHondaBike" name="get_Honda_Upcoming_Bikes_Under_4lac" time="4.886"/>
  <testcase classname="testCases.TS_UpcomingHondaBike" name="get_Honda_Upcoming_Bikes_Under_4lac" time="10.723"/>
</testsuite> <!-- testCases.TS_UpcomingHondaBike -->
