<?xml version="1.0" encoding="UTF-8"?>
<!-- Generated by org.testng.reporters.JUnitReportReporter -->
<testsuite hostname="LTIN469376" failures="0" tests="1" name="testCases.TS_Login" time="3.362" errors="0" timestamp="2025-07-04T17:34:31 IST" skipped="0">
  <testcase classname="testCases.TS_Login" name="Test_Login" time="3.362"/>
</testsuite> <!-- testCases.TS_Login -->
