<?xml version="1.0" encoding="UTF-8"?>
<!-- Generated by org.testng.reporters.JUnitReportReporter -->
<testsuite hostname="LTIN484405" failures="0" tests="1" name="testCases.TS_UsedCar" time="19.568" errors="0" timestamp="2025-07-17T15:17:05 IST" skipped="0">
  <testcase classname="testCases.TS_UsedCar" name="Test_PopularCarModels_Chennai" time="19.568"/>
</testsuite> <!-- testCases.TS_UsedCar -->
