<?xml version="1.0" encoding="UTF-8"?>
<!-- Generated by org.testng.reporters.JUnitReportReporter -->
<testsuite hostname="LTIN484405" failures="0" tests="1" name="testCases.TS_UsedCar" time="17.279" errors="0" timestamp="2025-07-16T10:59:04 IST" skipped="0">
  <testcase classname="testCases.TS_UsedCar" name="Test_PopularCarModels" time="17.279"/>
</testsuite> <!-- testCases.TS_UsedCar -->
