<?xml version="1.0" encoding="UTF-8"?>
<!-- Generated by org.testng.reporters.JUnitReportReporter -->
<testsuite hostname="LTIN484405" failures="0" tests="2" name="testCases.TS_UpcomingHondaBike" time="8.431" errors="0" timestamp="2025-07-15T12:47:01 IST" skipped="0">
  <testcase classname="testCases.TS_UpcomingHondaBike" name="get_Honda_Upcoming_Bikes_Under_4lac" time="4.591"/>
  <testcase classname="testCases.TS_UpcomingHondaBike" name="get_Honda_Upcoming_Bikes_Under_4lac" time="3.840"/>
</testsuite> <!-- testCases.TS_UpcomingHondaBike -->
